
> bac-language-mvp@0.1.0 build
> prisma generate && next build

node.exe : Environment 
variables loaded from .env
Au caractère Ligne:1 : 1
+ & "C:\Program 
Files\nodejs/node.exe" 
"C:\Program 
Files\nodejs/node_mo ...
+ ~~~~~~~~~~~~~~~~~~~~~~~~
~~~~~~~~~~~~~~~~~~~~~~~~~~
~~~~~~~~~~~~~~~~~~~
    + CategoryInfo        
      : NotSpecified: (E  
  nvironment variables    
 loaded from .env:Stri    
ng) [], RemoteExcepti    
on
    + FullyQualifiedError 
   Id : NativeCommandErr  
  or
 
Prisma schema loaded from prisma\schema.prisma

Γ£ö Generated Prisma Client (v6.19.2) to .\node_modules\@prisma\client in 86ms

Start by importing your Prisma Client (See: https://pris.ly/d/importing-client)

Tip: Interested in query caching in just a few lines of code? Try Accelerate today! https://pris.ly/tip-3-accelerate

Γû▓ Next.js 16.2.1 (Turbopack)
- Environments: .env

  Creating an optimized production build ...

> Build error occurred
Error: Turbopack build 
failed with 1 errors:
./src/app/certificates/pag
e.tsx:387:8
Unterminated regexp 
literal
  [90m385 |[0m          
 </div>
  [90m386 |[0m         
</div>
[31m[1m>[0m [90m387 
|[0m       </div>
  [90m    |[0m        
[31m[1m^^^^^[0m
  [90m388 |[0m     
</div>
  [90m389 |[0m   );
  [90m390 |[0m }

Parsing ecmascript source 
code failed


    at <unknown> (./src/ap
p/certificates/page.tsx:38
7:8)
