Seeding comprehensive BAC English content...
Seeding grammar rules...
PrismaClientInitializationError: 
Invalid `prisma.grammarRule.upsert()` invocation in
C:\Users\Anis\Desktop\Nouveau dossier\prisma\seed-comprehensive.js:257:30

  254 ];
  255 
  256 for (const rule of grammarRules) {
→ 257   await prisma.grammarRule.upsert(
error: Environment variable not found: DATABASE_URL.
  -->  schema.prisma:7
   | 
 6 |   provider = "postgresql"
 7 |   url      = env("DATABASE_URL")
   | 

Validation Error Count: 1
    at ei.handleRequestError (C:\Users\Anis\Desktop\Nouveau dossier\node_modules\@prisma\client\runtime\library.js:121:7568)
    at ei.handleAndLogRequestError (C:\Users\Anis\Desktop\Nouveau dossier\node_modules\@prisma\client\runtime\library.js:121:6593)
    at ei.request (C:\Users\Anis\Desktop\Nouveau dossier\node_modules\@prisma\client\runtime\library.js:121:6300)
    at async a (C:\Users\Anis\Desktop\Nouveau dossier\node_modules\@prisma\client\runtime\library.js:130:9551)
    at async seedGrammarRules (C:\Users\Anis\Desktop\Nouveau dossier\prisma\seed-comprehensive.js:257:5)
    at async seed (C:\Users\Anis\Desktop\Nouveau dossier\prisma\seed-comprehensive.js:9:3) {
  clientVersion: '6.19.2',
  errorCode: undefined,
  retryable: undefined
}
